<?xml version="1.0" encoding="UTF-8"?>
<!-- Generated by org.testng.reporters.JUnitReportReporter -->
<testsuite skipped="1" hostname="wlpt761" name="AndroidAppiumAuto.SendSms" tests="2" failures="0" timestamp="25 Nov 2019 05:50:25 GMT" time="0.010" errors="0">
  <testcase name="testt" time="0.010" classname="AndroidAppiumAuto.SendSms"/>
  <testcase name="sendsms" classname="AndroidAppiumAuto.SendSms">
    <skipped/>
  </testcase> <!-- sendsms -->
</testsuite> <!-- AndroidAppiumAuto.SendSms -->
