<?xml version="1.0" encoding="UTF-8"?>
<!-- Generated by org.testng.reporters.JUnitReportReporter -->
<testsuite skipped="0" hostname="wlpt761" name="AndroidAppiumAuto.Headers" tests="1" failures="0" timestamp="25 Feb 2020 09:35:55 GMT" time="15.973" errors="0">
  <testcase name="m" time="15.973" classname="AndroidAppiumAuto.Headers"/>
</testsuite> <!-- AndroidAppiumAuto.Headers -->
