<?xml version="1.0" encoding="UTF-8"?>
<!-- Generated by org.testng.reporters.JUnitReportReporter -->
<testsuite skipped="164" hostname="wlpt761" name="AndroidAppiumAuto.AppActivity" tests="175" failures="0" timestamp="26 Aug 2020 12:05:38 GMT" time="169.215" errors="11">
  <testcase name="launchapp" time="4.436" classname="AndroidAppiumAuto.AppActivity">
    <error type="org.openqa.selenium.SessionNotCreatedException" message="Unable to create a new remote session. Please check the server log for more details. Original error: [BROWSERSTACK_INVALID_DEVICE] Incorrect device name &#039;Google Nexus 7&#039; specified for the &#039;device&#039; capability. To view the list of available devices and configure the value for &#039;device&#039; capability, visit our capability builder - https://www.browserstack.com/app-automate/capabilities (WARNING: The server did not provide any stacktrace information)
Command duration or timeout: 2.80 seconds
Build info: version: &#039;3.141.59&#039;, revision: &#039;e82be7d358&#039;, time: &#039;2018-11-14T08:17:03&#039;
System info: host: &#039;WLPT761&#039;, ip: &#039;172.16.40.41&#039;, os.name: &#039;Windows 10&#039;, os.arch: &#039;amd64&#039;, os.version: &#039;10.0&#039;, java.version: &#039;1.8.0_261&#039;
Driver info: driver.version: AndroidDriver
Build info: version: &#039;3.141.59&#039;, revision: &#039;e82be7d358&#039;, time: &#039;2018-11-14T08:17:03&#039;
System info: host: &#039;WLPT761&#039;, ip: &#039;172.16.40.41&#039;, os.name: &#039;Windows 10&#039;, os.arch: &#039;amd64&#039;, os.version: &#039;10.0&#039;, java.version: &#039;1.8.0_261&#039;
Driver info: driver.version: AndroidDriver">
      <![CDATA[org.openqa.selenium.SessionNotCreatedException: Unable to create a new remote session. Please check the server log for more details. Original error: [BROWSERSTACK_INVALID_DEVICE] Incorrect device name 'Google Nexus 7' specified for the 'device' capability. To view the list of available devices and configure the value for 'device' capability, visit our capability builder - https://www.browserstack.com/app-automate/capabilities (WARNING: The server did not provide any stacktrace information)
Command duration or timeout: 2.80 seconds
Build info: version: '3.141.59', revision: 'e82be7d358', time: '2018-11-14T08:17:03'
System info: host: 'WLPT761', ip: '172.16.40.41', os.name: 'Windows 10', os.arch: 'amd64', os.version: '10.0', java.version: '1.8.0_261'
Driver info: driver.version: AndroidDriver
Build info: version: '3.141.59', revision: 'e82be7d358', time: '2018-11-14T08:17:03'
System info: host: 'WLPT761', ip: '172.16.40.41', os.name: 'Windows 10', os.arch: 'amd64', os.version: '10.0', java.version: '1.8.0_261'
Driver info: driver.version: AndroidDriver
at io.appium.java_client.remote.AppiumCommandExecutor$1.createSession(AppiumCommandExecutor.java:208)
at io.appium.java_client.remote.AppiumCommandExecutor.createSession(AppiumCommandExecutor.java:217)
at io.appium.java_client.remote.AppiumCommandExecutor.execute(AppiumCommandExecutor.java:239)
at org.openqa.selenium.remote.RemoteWebDriver.execute(RemoteWebDriver.java:552)
at io.appium.java_client.DefaultGenericMobileDriver.execute(DefaultGenericMobileDriver.java:42)
at io.appium.java_client.AppiumDriver.execute(AppiumDriver.java:1)
at io.appium.java_client.android.AndroidDriver.execute(AndroidDriver.java:1)
at org.openqa.selenium.remote.RemoteWebDriver.startSession(RemoteWebDriver.java:213)
at org.openqa.selenium.remote.RemoteWebDriver.<init>(RemoteWebDriver.java:131)
at io.appium.java_client.DefaultGenericMobileDriver.<init>(DefaultGenericMobileDriver.java:38)
at io.appium.java_client.AppiumDriver.<init>(AppiumDriver.java:84)
at io.appium.java_client.AppiumDriver.<init>(AppiumDriver.java:94)
at io.appium.java_client.android.AndroidDriver.<init>(AndroidDriver.java:95)
at AndroidAppiumAuto.AppActivity.launchapp(AppActivity.java:920)
at sun.reflect.NativeMethodAccessorImpl.invoke0(Native Method)
at sun.reflect.NativeMethodAccessorImpl.invoke(Unknown Source)
at sun.reflect.DelegatingMethodAccessorImpl.invoke(Unknown Source)
at java.lang.reflect.Method.invoke(Unknown Source)
at org.testng.internal.MethodInvocationHelper.invokeMethod(MethodInvocationHelper.java:124)
at org.testng.internal.MethodInvocationHelper.invokeMethodConsideringTimeout(MethodInvocationHelper.java:59)
at org.testng.internal.Invoker.invokeConfigurationMethod(Invoker.java:458)
at org.testng.internal.Invoker.invokeConfigurations(Invoker.java:222)
at org.testng.internal.Invoker.invokeConfigurations(Invoker.java:142)
at org.testng.TestRunner.beforeRun(TestRunner.java:529)
at org.testng.TestRunner.run(TestRunner.java:497)
at org.testng.SuiteRunner.runTest(SuiteRunner.java:455)
at org.testng.SuiteRunner.access$000(SuiteRunner.java:40)
at org.testng.SuiteRunner$SuiteWorker.run(SuiteRunner.java:489)
at org.testng.internal.thread.ThreadUtil$1.call(ThreadUtil.java:52)
at java.util.concurrent.FutureTask.run(Unknown Source)
at java.util.concurrent.ThreadPoolExecutor.runWorker(Unknown Source)
at java.util.concurrent.ThreadPoolExecutor$Worker.run(Unknown Source)
at java.lang.Thread.run(Unknown Source)
Caused by: java.lang.reflect.InvocationTargetException
at sun.reflect.NativeMethodAccessorImpl.invoke0(Native Method)
at sun.reflect.NativeMethodAccessorImpl.invoke(Unknown Source)
at sun.reflect.DelegatingMethodAccessorImpl.invoke(Unknown Source)
at java.lang.reflect.Method.invoke(Unknown Source)
at io.appium.java_client.remote.AppiumCommandExecutor$1.createSession(AppiumCommandExecutor.java:186)
... 32 more
Caused by: org.openqa.selenium.WebDriverException: [BROWSERSTACK_INVALID_DEVICE] Incorrect device name 'Google Nexus 7' specified for the 'device' capability. To view the list of available devices and configure the value for 'device' capability, visit our capability builder - https://www.browserstack.com/app-automate/capabilities (WARNING: The server did not provide any stacktrace information)
Command duration or timeout: 2.80 seconds
Build info: version: '3.141.59', revision: 'e82be7d358', time: '2018-11-14T08:17:03'
System info: host: 'WLPT761', ip: '172.16.40.41', os.name: 'Windows 10', os.arch: 'amd64', os.version: '10.0', java.version: '1.8.0_261'
Driver info: driver.version: AndroidDriver
at sun.reflect.NativeConstructorAccessorImpl.newInstance0(Native Method)
at sun.reflect.NativeConstructorAccessorImpl.newInstance(Unknown Source)
at sun.reflect.DelegatingConstructorAccessorImpl.newInstance(Unknown Source)
at java.lang.reflect.Constructor.newInstance(Unknown Source)
at org.openqa.selenium.remote.ErrorHandler.createThrowable(ErrorHandler.java:214)
at org.openqa.selenium.remote.ErrorHandler.throwIfResponseFailed(ErrorHandler.java:166)
at org.openqa.selenium.remote.JsonWireProtocolResponse.lambda$errorHandler$0(JsonWireProtocolResponse.java:54)
at org.openqa.selenium.remote.HandshakeResponse.lambda$getResponseFunction$0(HandshakeResponse.java:30)
at org.openqa.selenium.remote.ProtocolHandshake.lambda$createSession$0(ProtocolHandshake.java:126)
at java.util.stream.ReferencePipeline$3$1.accept(Unknown Source)
at java.util.Spliterators$ArraySpliterator.tryAdvance(Unknown Source)
at java.util.stream.ReferencePipeline.forEachWithCancel(Unknown Source)
at java.util.stream.AbstractPipeline.copyIntoWithCancel(Unknown Source)
at java.util.stream.AbstractPipeline.copyInto(Unknown Source)
at java.util.stream.AbstractPipeline.wrapAndCopyInto(Unknown Source)
at java.util.stream.FindOps$FindOp.evaluateSequential(Unknown Source)
at java.util.stream.AbstractPipeline.evaluate(Unknown Source)
at java.util.stream.ReferencePipeline.findFirst(Unknown Source)
at org.openqa.selenium.remote.ProtocolHandshake.createSession(ProtocolHandshake.java:128)
... 37 more
]]>
    </error>
  </testcase> <!-- launchapp -->
  <testcase name="getResult" time="4.997" classname="AndroidAppiumAuto.AppActivity">
    <error type="org.openqa.selenium.WebDriverException" message="Session not started or terminated (WARNING: The server did not provide any stacktrace information)
Command duration or timeout: 0 milliseconds
Build info: version: &#039;3.141.59&#039;, revision: &#039;e82be7d358&#039;, time: &#039;2018-11-14T08:17:03&#039;
System info: host: &#039;WLPT761&#039;, ip: &#039;172.16.40.41&#039;, os.name: &#039;Windows 10&#039;, os.arch: &#039;amd64&#039;, os.version: &#039;10.0&#039;, java.version: &#039;1.8.0_261&#039;
Driver info: io.appium.java_client.android.AndroidDriver
Capabilities {64bit: false, AndroidMobileCapabilityType.AUTO_GRANT_PERMISSIONS: true, acceptSslCert: false, acceptSslCerts: false, appActivity: com.ooredoo.selfcare.Ooredoo, appPackage: com.ooredoo.selfcare, automationName: UiAutomator2, browserstack.appDownloadTimeout: 105, browserstack.is_hub_canary: false, browserstack.minOSVersion: 4.4, bundleID: com.ooredoo.selfcare, bundleId: com.ooredoo.selfcare, chromeOptions: {w3c: false}, detected_language: selenium/3.141.59 (java win..., device: samsung galaxy s8, deviceName: Android, enablePerformanceLogging: false, javascriptEnabled: true, maxInstances: 3, mobile: {browser: mobile, version: Samsung Galaxy S8-7.0}, nativeWebScreenshot: true, newCommandTimeout: 0, new_bucketing: true, orientation: PORTRAIT, orig_os: android, os_version: , platform: ANDROID, platformName: Android, realMobile: true, sessionName:  OM Sample Test, systemPort: 8204, udid: ce051715114c110201, uiautomator2ServerLaunchTimeout: 60000, version: }
Session ID: fa2b93c8079cbdb675af98738f9323753b7a2cd0">
      <![CDATA[org.openqa.selenium.WebDriverException: Session not started or terminated (WARNING: The server did not provide any stacktrace information)
Command duration or timeout: 0 milliseconds
Build info: version: '3.141.59', revision: 'e82be7d358', time: '2018-11-14T08:17:03'
System info: host: 'WLPT761', ip: '172.16.40.41', os.name: 'Windows 10', os.arch: 'amd64', os.version: '10.0', java.version: '1.8.0_261'
Driver info: io.appium.java_client.android.AndroidDriver
Capabilities {64bit: false, AndroidMobileCapabilityType.AUTO_GRANT_PERMISSIONS: true, acceptSslCert: false, acceptSslCerts: false, appActivity: com.ooredoo.selfcare.Ooredoo, appPackage: com.ooredoo.selfcare, automationName: UiAutomator2, browserstack.appDownloadTimeout: 105, browserstack.is_hub_canary: false, browserstack.minOSVersion: 4.4, bundleID: com.ooredoo.selfcare, bundleId: com.ooredoo.selfcare, chromeOptions: {w3c: false}, detected_language: selenium/3.141.59 (java win..., device: samsung galaxy s8, deviceName: Android, enablePerformanceLogging: false, javascriptEnabled: true, maxInstances: 3, mobile: {browser: mobile, version: Samsung Galaxy S8-7.0}, nativeWebScreenshot: true, newCommandTimeout: 0, new_bucketing: true, orientation: PORTRAIT, orig_os: android, os_version: , platform: ANDROID, platformName: Android, realMobile: true, sessionName:  OM Sample Test, systemPort: 8204, udid: ce051715114c110201, uiautomator2ServerLaunchTimeout: 60000, version: }
Session ID: fa2b93c8079cbdb675af98738f9323753b7a2cd0
at sun.reflect.NativeConstructorAccessorImpl.newInstance0(Native Method)
at sun.reflect.NativeConstructorAccessorImpl.newInstance(Unknown Source)
at sun.reflect.DelegatingConstructorAccessorImpl.newInstance(Unknown Source)
at java.lang.reflect.Constructor.newInstance(Unknown Source)
at org.openqa.selenium.remote.ErrorHandler.createThrowable(ErrorHandler.java:214)
at org.openqa.selenium.remote.ErrorHandler.throwIfResponseFailed(ErrorHandler.java:166)
at org.openqa.selenium.remote.http.JsonHttpResponseCodec.reconstructValue(JsonHttpResponseCodec.java:40)
at org.openqa.selenium.remote.http.AbstractHttpResponseCodec.decode(AbstractHttpResponseCodec.java:80)
at org.openqa.selenium.remote.http.AbstractHttpResponseCodec.decode(AbstractHttpResponseCodec.java:44)
at org.openqa.selenium.remote.HttpCommandExecutor.execute(HttpCommandExecutor.java:158)
at io.appium.java_client.remote.AppiumCommandExecutor.execute(AppiumCommandExecutor.java:239)
at org.openqa.selenium.remote.RemoteWebDriver.execute(RemoteWebDriver.java:552)
at io.appium.java_client.DefaultGenericMobileDriver.execute(DefaultGenericMobileDriver.java:46)
at io.appium.java_client.AppiumDriver.execute(AppiumDriver.java:1)
at io.appium.java_client.android.AndroidDriver.execute(AndroidDriver.java:1)
at org.openqa.selenium.remote.RemoteWebDriver.getScreenshotAs(RemoteWebDriver.java:295)
at AndroidAppiumAuto.AppActivity.capture(AppActivity.java:833)
at AndroidAppiumAuto.AppActivity.getResult(AppActivity.java:823)
at sun.reflect.NativeMethodAccessorImpl.invoke0(Native Method)
at sun.reflect.NativeMethodAccessorImpl.invoke(Unknown Source)
at sun.reflect.DelegatingMethodAccessorImpl.invoke(Unknown Source)
at java.lang.reflect.Method.invoke(Unknown Source)
at org.testng.internal.MethodInvocationHelper.invokeMethod(MethodInvocationHelper.java:124)
at org.testng.internal.MethodInvocationHelper.invokeMethodConsideringTimeout(MethodInvocationHelper.java:59)
at org.testng.internal.Invoker.invokeConfigurationMethod(Invoker.java:458)
at org.testng.internal.Invoker.invokeConfigurations(Invoker.java:222)
at org.testng.internal.Invoker.invokeMethod(Invoker.java:646)
at org.testng.internal.Invoker.invokeTestMethod(Invoker.java:719)
at org.testng.internal.Invoker.invokeTestMethods(Invoker.java:989)
at org.testng.internal.TestMethodWorker.invokeTestMethods(TestMethodWorker.java:125)
at org.testng.internal.TestMethodWorker.run(TestMethodWorker.java:109)
at org.testng.TestRunner.privateRun(TestRunner.java:648)
at org.testng.TestRunner.run(TestRunner.java:505)
at org.testng.SuiteRunner.runTest(SuiteRunner.java:455)
at org.testng.SuiteRunner.access$000(SuiteRunner.java:40)
at org.testng.SuiteRunner$SuiteWorker.run(SuiteRunner.java:489)
at org.testng.internal.thread.ThreadUtil$1.call(ThreadUtil.java:52)
at java.util.concurrent.FutureTask.run(Unknown Source)
at java.util.concurrent.ThreadPoolExecutor.runWorker(Unknown Source)
at java.util.concurrent.ThreadPoolExecutor$Worker.run(Unknown Source)
at java.lang.Thread.run(Unknown Source)
]]>
    </error>
  </testcase> <!-- getResult -->
  <testcase name="getResult" time="2.276" classname="AndroidAppiumAuto.AppActivity">
    <error type="org.openqa.selenium.NoSuchSessionException" message="A session is either terminated or not started (WARNING: The server did not provide any stacktrace information)
Command duration or timeout: 0 milliseconds
Build info: version: &#039;3.141.59&#039;, revision: &#039;e82be7d358&#039;, time: &#039;2018-11-14T08:17:03&#039;
System info: host: &#039;WLPT761&#039;, ip: &#039;172.16.40.41&#039;, os.name: &#039;Windows 10&#039;, os.arch: &#039;amd64&#039;, os.version: &#039;10.0&#039;, java.version: &#039;1.8.0_261&#039;
Driver info: io.appium.java_client.android.AndroidDriver
Capabilities {64bit: false, AndroidMobileCapabilityType.AUTO_GRANT_PERMISSIONS: true, acceptSslCert: false, acceptSslCerts: false, appActivity: com.ooredoo.selfcare.Ooredoo, appPackage: com.ooredoo.selfcare, automationName: UiAutomator2, browserstack.appDownloadTimeout: 105, browserstack.is_hub_canary: false, browserstack.minOSVersion: 4.4, bundleID: com.ooredoo.selfcare, bundleId: com.ooredoo.selfcare, chromeOptions: {w3c: false}, detected_language: selenium/3.141.59 (java win..., device: oneplus 7, deviceName: Android, enablePerformanceLogging: false, javascriptEnabled: true, maxInstances: 3, mobile: {browser: mobile, version: OnePlus 7-9.0}, nativeWebScreenshot: true, newCommandTimeout: 0, new_bucketing: true, orientation: PORTRAIT, orig_os: android, os_version: , platform: ANDROID, platformName: Android, realMobile: true, sessionName:  OM Sample Test, systemPort: 8205, udid: d468c09b, uiautomator2ServerLaunchTimeout: 60000, version: }
Session ID: a1e44bc49677a7331ebcae4c9baf4dee5ef65bd7">
      <![CDATA[org.openqa.selenium.NoSuchSessionException: A session is either terminated or not started (WARNING: The server did not provide any stacktrace information)
Command duration or timeout: 0 milliseconds
Build info: version: '3.141.59', revision: 'e82be7d358', time: '2018-11-14T08:17:03'
System info: host: 'WLPT761', ip: '172.16.40.41', os.name: 'Windows 10', os.arch: 'amd64', os.version: '10.0', java.version: '1.8.0_261'
Driver info: io.appium.java_client.android.AndroidDriver
Capabilities {64bit: false, AndroidMobileCapabilityType.AUTO_GRANT_PERMISSIONS: true, acceptSslCert: false, acceptSslCerts: false, appActivity: com.ooredoo.selfcare.Ooredoo, appPackage: com.ooredoo.selfcare, automationName: UiAutomator2, browserstack.appDownloadTimeout: 105, browserstack.is_hub_canary: false, browserstack.minOSVersion: 4.4, bundleID: com.ooredoo.selfcare, bundleId: com.ooredoo.selfcare, chromeOptions: {w3c: false}, detected_language: selenium/3.141.59 (java win..., device: oneplus 7, deviceName: Android, enablePerformanceLogging: false, javascriptEnabled: true, maxInstances: 3, mobile: {browser: mobile, version: OnePlus 7-9.0}, nativeWebScreenshot: true, newCommandTimeout: 0, new_bucketing: true, orientation: PORTRAIT, orig_os: android, os_version: , platform: ANDROID, platformName: Android, realMobile: true, sessionName:  OM Sample Test, systemPort: 8205, udid: d468c09b, uiautomator2ServerLaunchTimeout: 60000, version: }
Session ID: a1e44bc49677a7331ebcae4c9baf4dee5ef65bd7
at sun.reflect.NativeConstructorAccessorImpl.newInstance0(Native Method)
at sun.reflect.NativeConstructorAccessorImpl.newInstance(Unknown Source)
at sun.reflect.DelegatingConstructorAccessorImpl.newInstance(Unknown Source)
at java.lang.reflect.Constructor.newInstance(Unknown Source)
at org.openqa.selenium.remote.ErrorHandler.createThrowable(ErrorHandler.java:214)
at org.openqa.selenium.remote.ErrorHandler.throwIfResponseFailed(ErrorHandler.java:166)
at org.openqa.selenium.remote.http.JsonHttpResponseCodec.reconstructValue(JsonHttpResponseCodec.java:40)
at org.openqa.selenium.remote.http.AbstractHttpResponseCodec.decode(AbstractHttpResponseCodec.java:80)
at org.openqa.selenium.remote.http.AbstractHttpResponseCodec.decode(AbstractHttpResponseCodec.java:44)
at org.openqa.selenium.remote.HttpCommandExecutor.execute(HttpCommandExecutor.java:158)
at io.appium.java_client.remote.AppiumCommandExecutor.execute(AppiumCommandExecutor.java:239)
at org.openqa.selenium.remote.RemoteWebDriver.execute(RemoteWebDriver.java:552)
at io.appium.java_client.DefaultGenericMobileDriver.execute(DefaultGenericMobileDriver.java:46)
at io.appium.java_client.AppiumDriver.execute(AppiumDriver.java:1)
at io.appium.java_client.android.AndroidDriver.execute(AndroidDriver.java:1)
at org.openqa.selenium.remote.RemoteWebDriver.getScreenshotAs(RemoteWebDriver.java:295)
at AndroidAppiumAuto.AppActivity.capture(AppActivity.java:833)
at AndroidAppiumAuto.AppActivity.getResult(AppActivity.java:823)
at sun.reflect.NativeMethodAccessorImpl.invoke0(Native Method)
at sun.reflect.NativeMethodAccessorImpl.invoke(Unknown Source)
at sun.reflect.DelegatingMethodAccessorImpl.invoke(Unknown Source)
at java.lang.reflect.Method.invoke(Unknown Source)
at org.testng.internal.MethodInvocationHelper.invokeMethod(MethodInvocationHelper.java:124)
at org.testng.internal.MethodInvocationHelper.invokeMethodConsideringTimeout(MethodInvocationHelper.java:59)
at org.testng.internal.Invoker.invokeConfigurationMethod(Invoker.java:458)
at org.testng.internal.Invoker.invokeConfigurations(Invoker.java:222)
at org.testng.internal.Invoker.invokeMethod(Invoker.java:646)
at org.testng.internal.Invoker.invokeTestMethod(Invoker.java:719)
at org.testng.internal.Invoker.invokeTestMethods(Invoker.java:989)
at org.testng.internal.TestMethodWorker.invokeTestMethods(TestMethodWorker.java:125)
at org.testng.internal.TestMethodWorker.run(TestMethodWorker.java:109)
at org.testng.TestRunner.privateRun(TestRunner.java:648)
at org.testng.TestRunner.run(TestRunner.java:505)
at org.testng.SuiteRunner.runTest(SuiteRunner.java:455)
at org.testng.SuiteRunner.access$000(SuiteRunner.java:40)
at org.testng.SuiteRunner$SuiteWorker.run(SuiteRunner.java:489)
at org.testng.internal.thread.ThreadUtil$1.call(ThreadUtil.java:52)
at java.util.concurrent.FutureTask.run(Unknown Source)
at java.util.concurrent.ThreadPoolExecutor.runWorker(Unknown Source)
at java.util.concurrent.ThreadPoolExecutor$Worker.run(Unknown Source)
at java.lang.Thread.run(Unknown Source)
]]>
    </error>
  </testcase> <!-- getResult -->
  <testcase name="getResult" time="2.380" classname="AndroidAppiumAuto.AppActivity">
    <error type="org.openqa.selenium.NoSuchSessionException" message="A session is either terminated or not started (WARNING: The server did not provide any stacktrace information)
Command duration or timeout: 0 milliseconds
Build info: version: &#039;3.141.59&#039;, revision: &#039;e82be7d358&#039;, time: &#039;2018-11-14T08:17:03&#039;
System info: host: &#039;WLPT761&#039;, ip: &#039;172.16.40.41&#039;, os.name: &#039;Windows 10&#039;, os.arch: &#039;amd64&#039;, os.version: &#039;10.0&#039;, java.version: &#039;1.8.0_261&#039;
Driver info: io.appium.java_client.android.AndroidDriver
Capabilities {64bit: false, AndroidMobileCapabilityType.AUTO_GRANT_PERMISSIONS: true, acceptSslCert: false, acceptSslCerts: false, appActivity: com.ooredoo.selfcare.Ooredoo, appPackage: com.ooredoo.selfcare, automationName: UiAutomator2, browserstack.appDownloadTimeout: 105, browserstack.is_hub_canary: false, browserstack.minOSVersion: 4.4, bundleID: com.ooredoo.selfcare, bundleId: com.ooredoo.selfcare, chromeOptions: {w3c: false}, detected_language: selenium/3.141.59 (java win..., device: google pixel 4, deviceName: Android, enablePerformanceLogging: false, javascriptEnabled: true, maxInstances: 3, mobile: {browser: mobile, version: Google Pixel 4-10.0}, nativeWebScreenshot: true, newCommandTimeout: 0, new_bucketing: true, orientation: PORTRAIT, orig_os: android, os_version: , platform: ANDROID, platformName: Android, realMobile: true, sessionName:  OM Sample Test, systemPort: 8201, udid: 9B061FFAZ008MH, uiautomator2ServerLaunchTimeout: 60000, version: }
Session ID: c72ce8bd5b619133e902718e2444de831939eb00">
      <![CDATA[org.openqa.selenium.NoSuchSessionException: A session is either terminated or not started (WARNING: The server did not provide any stacktrace information)
Command duration or timeout: 0 milliseconds
Build info: version: '3.141.59', revision: 'e82be7d358', time: '2018-11-14T08:17:03'
System info: host: 'WLPT761', ip: '172.16.40.41', os.name: 'Windows 10', os.arch: 'amd64', os.version: '10.0', java.version: '1.8.0_261'
Driver info: io.appium.java_client.android.AndroidDriver
Capabilities {64bit: false, AndroidMobileCapabilityType.AUTO_GRANT_PERMISSIONS: true, acceptSslCert: false, acceptSslCerts: false, appActivity: com.ooredoo.selfcare.Ooredoo, appPackage: com.ooredoo.selfcare, automationName: UiAutomator2, browserstack.appDownloadTimeout: 105, browserstack.is_hub_canary: false, browserstack.minOSVersion: 4.4, bundleID: com.ooredoo.selfcare, bundleId: com.ooredoo.selfcare, chromeOptions: {w3c: false}, detected_language: selenium/3.141.59 (java win..., device: google pixel 4, deviceName: Android, enablePerformanceLogging: false, javascriptEnabled: true, maxInstances: 3, mobile: {browser: mobile, version: Google Pixel 4-10.0}, nativeWebScreenshot: true, newCommandTimeout: 0, new_bucketing: true, orientation: PORTRAIT, orig_os: android, os_version: , platform: ANDROID, platformName: Android, realMobile: true, sessionName:  OM Sample Test, systemPort: 8201, udid: 9B061FFAZ008MH, uiautomator2ServerLaunchTimeout: 60000, version: }
Session ID: c72ce8bd5b619133e902718e2444de831939eb00
at sun.reflect.NativeConstructorAccessorImpl.newInstance0(Native Method)
at sun.reflect.NativeConstructorAccessorImpl.newInstance(Unknown Source)
at sun.reflect.DelegatingConstructorAccessorImpl.newInstance(Unknown Source)
at java.lang.reflect.Constructor.newInstance(Unknown Source)
at org.openqa.selenium.remote.ErrorHandler.createThrowable(ErrorHandler.java:214)
at org.openqa.selenium.remote.ErrorHandler.throwIfResponseFailed(ErrorHandler.java:166)
at org.openqa.selenium.remote.http.JsonHttpResponseCodec.reconstructValue(JsonHttpResponseCodec.java:40)
at org.openqa.selenium.remote.http.AbstractHttpResponseCodec.decode(AbstractHttpResponseCodec.java:80)
at org.openqa.selenium.remote.http.AbstractHttpResponseCodec.decode(AbstractHttpResponseCodec.java:44)
at org.openqa.selenium.remote.HttpCommandExecutor.execute(HttpCommandExecutor.java:158)
at io.appium.java_client.remote.AppiumCommandExecutor.execute(AppiumCommandExecutor.java:239)
at org.openqa.selenium.remote.RemoteWebDriver.execute(RemoteWebDriver.java:552)
at io.appium.java_client.DefaultGenericMobileDriver.execute(DefaultGenericMobileDriver.java:46)
at io.appium.java_client.AppiumDriver.execute(AppiumDriver.java:1)
at io.appium.java_client.android.AndroidDriver.execute(AndroidDriver.java:1)
at org.openqa.selenium.remote.RemoteWebDriver.getScreenshotAs(RemoteWebDriver.java:295)
at AndroidAppiumAuto.AppActivity.capture(AppActivity.java:833)
at AndroidAppiumAuto.AppActivity.getResult(AppActivity.java:823)
at sun.reflect.NativeMethodAccessorImpl.invoke0(Native Method)
at sun.reflect.NativeMethodAccessorImpl.invoke(Unknown Source)
at sun.reflect.DelegatingMethodAccessorImpl.invoke(Unknown Source)
at java.lang.reflect.Method.invoke(Unknown Source)
at org.testng.internal.MethodInvocationHelper.invokeMethod(MethodInvocationHelper.java:124)
at org.testng.internal.MethodInvocationHelper.invokeMethodConsideringTimeout(MethodInvocationHelper.java:59)
at org.testng.internal.Invoker.invokeConfigurationMethod(Invoker.java:458)
at org.testng.internal.Invoker.invokeConfigurations(Invoker.java:222)
at org.testng.internal.Invoker.invokeMethod(Invoker.java:646)
at org.testng.internal.Invoker.invokeTestMethod(Invoker.java:719)
at org.testng.internal.Invoker.invokeTestMethods(Invoker.java:989)
at org.testng.internal.TestMethodWorker.invokeTestMethods(TestMethodWorker.java:125)
at org.testng.internal.TestMethodWorker.run(TestMethodWorker.java:109)
at org.testng.TestRunner.privateRun(TestRunner.java:648)
at org.testng.TestRunner.run(TestRunner.java:505)
at org.testng.SuiteRunner.runTest(SuiteRunner.java:455)
at org.testng.SuiteRunner.access$000(SuiteRunner.java:40)
at org.testng.SuiteRunner$SuiteWorker.run(SuiteRunner.java:489)
at org.testng.internal.thread.ThreadUtil$1.call(ThreadUtil.java:52)
at java.util.concurrent.FutureTask.run(Unknown Source)
at java.util.concurrent.ThreadPoolExecutor.runWorker(Unknown Source)
at java.util.concurrent.ThreadPoolExecutor$Worker.run(Unknown Source)
at java.lang.Thread.run(Unknown Source)
]]>
    </error>
  </testcase> <!-- getResult -->
  <testcase name="getResult" time="4.545" classname="AndroidAppiumAuto.AppActivity">
    <error type="org.openqa.selenium.remote.UnreachableBrowserException" message="Error communicating with the remote browser. It may have died.
Build info: version: &#039;3.141.59&#039;, revision: &#039;e82be7d358&#039;, time: &#039;2018-11-14T08:17:03&#039;
System info: host: &#039;WLPT761&#039;, ip: &#039;172.16.40.41&#039;, os.name: &#039;Windows 10&#039;, os.arch: &#039;amd64&#039;, os.version: &#039;10.0&#039;, java.version: &#039;1.8.0_261&#039;
Driver info: driver.version: RemoteWebDriver
Capabilities {64bit: false, AndroidMobileCapabilityType.AUTO_GRANT_PERMISSIONS: true, acceptSslCert: false, acceptSslCerts: false, adbExecTimeout: 120000, appActivity: com.ooredoo.selfcare.Ooredoo, appPackage: com.ooredoo.selfcare, automationName: UiAutomator2, browserstack.appDownloadTimeout: 105, browserstack.is_hub_canary: false, browserstack.minOSVersion: 4.4, bundleID: com.ooredoo.selfcare, bundleId: com.ooredoo.selfcare, chromeOptions: {w3c: false}, detected_language: selenium/3.141.59 (java win..., device: xiaomi redmi note 7, deviceName: Android, enablePerformanceLogging: false, javascriptEnabled: true, maxInstances: 3, mobile: {browser: mobile, version: Xiaomi Redmi Note 7-9.0}, nativeWebScreenshot: true, newCommandTimeout: 0, new_bucketing: true, orientation: PORTRAIT, orig_os: android, os_version: , platform: ANDROID, platformName: Android, realMobile: true, sessionName:  OM Sample Test, systemPort: 8202, udid: 12a2c424, uiautomator2ServerLaunchTimeout: 60000, version: }
Session ID: a371e88574756c8538def34328de43481ec581ec">
      <![CDATA[org.openqa.selenium.remote.UnreachableBrowserException: Error communicating with the remote browser. It may have died.
Build info: version: '3.141.59', revision: 'e82be7d358', time: '2018-11-14T08:17:03'
System info: host: 'WLPT761', ip: '172.16.40.41', os.name: 'Windows 10', os.arch: 'amd64', os.version: '10.0', java.version: '1.8.0_261'
Driver info: driver.version: RemoteWebDriver
Capabilities {64bit: false, AndroidMobileCapabilityType.AUTO_GRANT_PERMISSIONS: true, acceptSslCert: false, acceptSslCerts: false, adbExecTimeout: 120000, appActivity: com.ooredoo.selfcare.Ooredoo, appPackage: com.ooredoo.selfcare, automationName: UiAutomator2, browserstack.appDownloadTimeout: 105, browserstack.is_hub_canary: false, browserstack.minOSVersion: 4.4, bundleID: com.ooredoo.selfcare, bundleId: com.ooredoo.selfcare, chromeOptions: {w3c: false}, detected_language: selenium/3.141.59 (java win..., device: xiaomi redmi note 7, deviceName: Android, enablePerformanceLogging: false, javascriptEnabled: true, maxInstances: 3, mobile: {browser: mobile, version: Xiaomi Redmi Note 7-9.0}, nativeWebScreenshot: true, newCommandTimeout: 0, new_bucketing: true, orientation: PORTRAIT, orig_os: android, os_version: , platform: ANDROID, platformName: Android, realMobile: true, sessionName:  OM Sample Test, systemPort: 8202, udid: 12a2c424, uiautomator2ServerLaunchTimeout: 60000, version: }
Session ID: a371e88574756c8538def34328de43481ec581ec
at org.openqa.selenium.remote.RemoteWebDriver.execute(RemoteWebDriver.java:573)
at io.appium.java_client.DefaultGenericMobileDriver.execute(DefaultGenericMobileDriver.java:46)
at io.appium.java_client.AppiumDriver.execute(AppiumDriver.java:1)
at io.appium.java_client.android.AndroidDriver.execute(AndroidDriver.java:1)
at org.openqa.selenium.remote.RemoteWebDriver.getScreenshotAs(RemoteWebDriver.java:295)
at AndroidAppiumAuto.AppActivity.capture(AppActivity.java:833)
at AndroidAppiumAuto.AppActivity.getResult(AppActivity.java:823)
at sun.reflect.NativeMethodAccessorImpl.invoke0(Native Method)
at sun.reflect.NativeMethodAccessorImpl.invoke(Unknown Source)
at sun.reflect.DelegatingMethodAccessorImpl.invoke(Unknown Source)
at java.lang.reflect.Method.invoke(Unknown Source)
at org.testng.internal.MethodInvocationHelper.invokeMethod(MethodInvocationHelper.java:124)
at org.testng.internal.MethodInvocationHelper.invokeMethodConsideringTimeout(MethodInvocationHelper.java:59)
at org.testng.internal.Invoker.invokeConfigurationMethod(Invoker.java:458)
at org.testng.internal.Invoker.invokeConfigurations(Invoker.java:222)
at org.testng.internal.Invoker.invokeMethod(Invoker.java:646)
at org.testng.internal.Invoker.invokeTestMethod(Invoker.java:719)
at org.testng.internal.Invoker.invokeTestMethods(Invoker.java:989)
at org.testng.internal.TestMethodWorker.invokeTestMethods(TestMethodWorker.java:125)
at org.testng.internal.TestMethodWorker.run(TestMethodWorker.java:109)
at org.testng.TestRunner.privateRun(TestRunner.java:648)
at org.testng.TestRunner.run(TestRunner.java:505)
at org.testng.SuiteRunner.runTest(SuiteRunner.java:455)
at org.testng.SuiteRunner.access$000(SuiteRunner.java:40)
at org.testng.SuiteRunner$SuiteWorker.run(SuiteRunner.java:489)
at org.testng.internal.thread.ThreadUtil$1.call(ThreadUtil.java:52)
at java.util.concurrent.FutureTask.run(Unknown Source)
at java.util.concurrent.ThreadPoolExecutor.runWorker(Unknown Source)
at java.util.concurrent.ThreadPoolExecutor$Worker.run(Unknown Source)
at java.lang.Thread.run(Unknown Source)
Caused by: java.lang.IllegalArgumentException: Cannot decode response content: 
at org.openqa.selenium.remote.http.AbstractHttpResponseCodec.decode(AbstractHttpResponseCodec.java:83)
at org.openqa.selenium.remote.http.AbstractHttpResponseCodec.decode(AbstractHttpResponseCodec.java:44)
at org.openqa.selenium.remote.HttpCommandExecutor.execute(HttpCommandExecutor.java:158)
at io.appium.java_client.remote.AppiumCommandExecutor.execute(AppiumCommandExecutor.java:239)
at org.openqa.selenium.remote.RemoteWebDriver.execute(RemoteWebDriver.java:552)
... 29 more
Caused by: org.openqa.selenium.json.JsonException: Expected to read a START_MAP but instead have: END. Last 0 characters read: 
Build info: version: '3.141.59', revision: 'e82be7d358', time: '2018-11-14T08:17:03'
System info: host: 'WLPT761', ip: '172.16.40.41', os.name: 'Windows 10', os.arch: 'amd64', os.version: '10.0', java.version: '1.8.0_261'
Driver info: driver.version: RemoteWebDriver
at org.openqa.selenium.json.JsonInput.expect(JsonInput.java:290)
at org.openqa.selenium.json.JsonInput.beginObject(JsonInput.java:220)
at org.openqa.selenium.json.MapCoercer.lambda$apply$1(MapCoercer.java:64)
at org.openqa.selenium.json.JsonTypeCoercer.lambda$null$6(JsonTypeCoercer.java:145)
at org.openqa.selenium.json.JsonTypeCoercer.coerce(JsonTypeCoercer.java:126)
at org.openqa.selenium.json.ResponseCoercer.lambda$apply$0(ResponseCoercer.java:50)
at org.openqa.selenium.json.JsonTypeCoercer.lambda$null$6(JsonTypeCoercer.java:145)
at org.openqa.selenium.json.JsonTypeCoercer.coerce(JsonTypeCoercer.java:126)
at org.openqa.selenium.json.Json.toType(Json.java:69)
at org.openqa.selenium.json.Json.toType(Json.java:55)
at org.openqa.selenium.json.Json.toType(Json.java:50)
at org.openqa.selenium.remote.http.AbstractHttpResponseCodec.decode(AbstractHttpResponseCodec.java:80)
... 33 more
]]>
    </error>
  </testcase> <!-- getResult -->
  <testcase name="LoginPage" time="0.000" classname="AndroidAppiumAuto.AppActivity">
    <skipped/>
  </testcase> <!-- LoginPage -->
  <testcase name="LoginPage" time="30.940" classname="AndroidAppiumAuto.AppActivity">
    <error type="AndroidAppiumAuto.exceptions.CustomException" message="The Element login could not find from the application please try again !">
      <![CDATA[AndroidAppiumAuto.exceptions.CustomException: The Element login could not find from the application please try again !
at AndroidAppiumAuto.CommonMethods.AppValidation(CommonMethods.java:192)
at AndroidAppiumAuto.AppActivity.LoginPage(AppActivity.java:71)
at sun.reflect.NativeMethodAccessorImpl.invoke0(Native Method)
at sun.reflect.NativeMethodAccessorImpl.invoke(Unknown Source)
at sun.reflect.DelegatingMethodAccessorImpl.invoke(Unknown Source)
at java.lang.reflect.Method.invoke(Unknown Source)
at org.testng.internal.MethodInvocationHelper.invokeMethod(MethodInvocationHelper.java:124)
at org.testng.internal.Invoker.invokeMethod(Invoker.java:583)
at org.testng.internal.Invoker.invokeTestMethod(Invoker.java:719)
at org.testng.internal.Invoker.invokeTestMethods(Invoker.java:989)
at org.testng.internal.TestMethodWorker.invokeTestMethods(TestMethodWorker.java:125)
at org.testng.internal.TestMethodWorker.run(TestMethodWorker.java:109)
at org.testng.TestRunner.privateRun(TestRunner.java:648)
at org.testng.TestRunner.run(TestRunner.java:505)
at org.testng.SuiteRunner.runTest(SuiteRunner.java:455)
at org.testng.SuiteRunner.access$000(SuiteRunner.java:40)
at org.testng.SuiteRunner$SuiteWorker.run(SuiteRunner.java:489)
at org.testng.internal.thread.ThreadUtil$1.call(ThreadUtil.java:52)
at java.util.concurrent.FutureTask.run(Unknown Source)
at java.util.concurrent.ThreadPoolExecutor.runWorker(Unknown Source)
at java.util.concurrent.ThreadPoolExecutor$Worker.run(Unknown Source)
at java.lang.Thread.run(Unknown Source)
]]>
    </error>
  </testcase> <!-- LoginPage -->
  <testcase name="LoginPage" time="31.000" classname="AndroidAppiumAuto.AppActivity">
    <error type="AndroidAppiumAuto.exceptions.CustomException" message="The Element login could not find from the application please try again !">
      <![CDATA[AndroidAppiumAuto.exceptions.CustomException: The Element login could not find from the application please try again !
at AndroidAppiumAuto.CommonMethods.AppValidation(CommonMethods.java:192)
at AndroidAppiumAuto.AppActivity.LoginPage(AppActivity.java:71)
at sun.reflect.NativeMethodAccessorImpl.invoke0(Native Method)
at sun.reflect.NativeMethodAccessorImpl.invoke(Unknown Source)
at sun.reflect.DelegatingMethodAccessorImpl.invoke(Unknown Source)
at java.lang.reflect.Method.invoke(Unknown Source)
at org.testng.internal.MethodInvocationHelper.invokeMethod(MethodInvocationHelper.java:124)
at org.testng.internal.Invoker.invokeMethod(Invoker.java:583)
at org.testng.internal.Invoker.invokeTestMethod(Invoker.java:719)
at org.testng.internal.Invoker.invokeTestMethods(Invoker.java:989)
at org.testng.internal.TestMethodWorker.invokeTestMethods(TestMethodWorker.java:125)
at org.testng.internal.TestMethodWorker.run(TestMethodWorker.java:109)
at org.testng.TestRunner.privateRun(TestRunner.java:648)
at org.testng.TestRunner.run(TestRunner.java:505)
at org.testng.SuiteRunner.runTest(SuiteRunner.java:455)
at org.testng.SuiteRunner.access$000(SuiteRunner.java:40)
at org.testng.SuiteRunner$SuiteWorker.run(SuiteRunner.java:489)
at org.testng.internal.thread.ThreadUtil$1.call(ThreadUtil.java:52)
at java.util.concurrent.FutureTask.run(Unknown Source)
at java.util.concurrent.ThreadPoolExecutor.runWorker(Unknown Source)
at java.util.concurrent.ThreadPoolExecutor$Worker.run(Unknown Source)
at java.lang.Thread.run(Unknown Source)
]]>
    </error>
  </testcase> <!-- LoginPage -->
  <testcase name="LoginPage" time="30.636" classname="AndroidAppiumAuto.AppActivity">
    <error type="AndroidAppiumAuto.exceptions.CustomException" message="The Element login could not find from the application please try again !">
      <![CDATA[AndroidAppiumAuto.exceptions.CustomException: The Element login could not find from the application please try again !
at AndroidAppiumAuto.CommonMethods.AppValidation(CommonMethods.java:192)
at AndroidAppiumAuto.AppActivity.LoginPage(AppActivity.java:71)
at sun.reflect.NativeMethodAccessorImpl.invoke0(Native Method)
at sun.reflect.NativeMethodAccessorImpl.invoke(Unknown Source)
at sun.reflect.DelegatingMethodAccessorImpl.invoke(Unknown Source)
at java.lang.reflect.Method.invoke(Unknown Source)
at org.testng.internal.MethodInvocationHelper.invokeMethod(MethodInvocationHelper.java:124)
at org.testng.internal.Invoker.invokeMethod(Invoker.java:583)
at org.testng.internal.Invoker.invokeTestMethod(Invoker.java:719)
at org.testng.internal.Invoker.invokeTestMethods(Invoker.java:989)
at org.testng.internal.TestMethodWorker.invokeTestMethods(TestMethodWorker.java:125)
at org.testng.internal.TestMethodWorker.run(TestMethodWorker.java:109)
at org.testng.TestRunner.privateRun(TestRunner.java:648)
at org.testng.TestRunner.run(TestRunner.java:505)
at org.testng.SuiteRunner.runTest(SuiteRunner.java:455)
at org.testng.SuiteRunner.access$000(SuiteRunner.java:40)
at org.testng.SuiteRunner$SuiteWorker.run(SuiteRunner.java:489)
at org.testng.internal.thread.ThreadUtil$1.call(ThreadUtil.java:52)
at java.util.concurrent.FutureTask.run(Unknown Source)
at java.util.concurrent.ThreadPoolExecutor.runWorker(Unknown Source)
at java.util.concurrent.ThreadPoolExecutor$Worker.run(Unknown Source)
at java.lang.Thread.run(Unknown Source)
]]>
    </error>
  </testcase> <!-- LoginPage -->
  <testcase name="LoginPage" time="18.315" classname="AndroidAppiumAuto.AppActivity">
    <error type="AndroidAppiumAuto.exceptions.CustomException" message="The Element login could not find from the application please try again !">
      <![CDATA[AndroidAppiumAuto.exceptions.CustomException: The Element login could not find from the application please try again !
at AndroidAppiumAuto.CommonMethods.AppValidation(CommonMethods.java:192)
at AndroidAppiumAuto.AppActivity.LoginPage(AppActivity.java:71)
at sun.reflect.NativeMethodAccessorImpl.invoke0(Native Method)
at sun.reflect.NativeMethodAccessorImpl.invoke(Unknown Source)
at sun.reflect.DelegatingMethodAccessorImpl.invoke(Unknown Source)
at java.lang.reflect.Method.invoke(Unknown Source)
at org.testng.internal.MethodInvocationHelper.invokeMethod(MethodInvocationHelper.java:124)
at org.testng.internal.Invoker.invokeMethod(Invoker.java:583)
at org.testng.internal.Invoker.invokeTestMethod(Invoker.java:719)
at org.testng.internal.Invoker.invokeTestMethods(Invoker.java:989)
at org.testng.internal.TestMethodWorker.invokeTestMethods(TestMethodWorker.java:125)
at org.testng.internal.TestMethodWorker.run(TestMethodWorker.java:109)
at org.testng.TestRunner.privateRun(TestRunner.java:648)
at org.testng.TestRunner.run(TestRunner.java:505)
at org.testng.SuiteRunner.runTest(SuiteRunner.java:455)
at org.testng.SuiteRunner.access$000(SuiteRunner.java:40)
at org.testng.SuiteRunner$SuiteWorker.run(SuiteRunner.java:489)
at org.testng.internal.thread.ThreadUtil$1.call(ThreadUtil.java:52)
at java.util.concurrent.FutureTask.run(Unknown Source)
at java.util.concurrent.ThreadPoolExecutor.runWorker(Unknown Source)
at java.util.concurrent.ThreadPoolExecutor$Worker.run(Unknown Source)
at java.lang.Thread.run(Unknown Source)
]]>
    </error>
  </testcase> <!-- LoginPage -->
  <testcase name="GetOtp" time="0.000" classname="AndroidAppiumAuto.AppActivity">
    <skipped/>
  </testcase> <!-- GetOtp -->
  <testcase name="GetOtp" time="0.000" classname="AndroidAppiumAuto.AppActivity">
    <skipped/>
  </testcase> <!-- GetOtp -->
  <testcase name="GetOtp" time="21.255" classname="AndroidAppiumAuto.AppActivity">
    <error type="org.openqa.selenium.WebDriverException" message="Session not started or terminated (WARNING: The server did not provide any stacktrace information)
Command duration or timeout: 0 milliseconds
Build info: version: &#039;3.141.59&#039;, revision: &#039;e82be7d358&#039;, time: &#039;2018-11-14T08:17:03&#039;
System info: host: &#039;WLPT761&#039;, ip: &#039;172.16.40.41&#039;, os.name: &#039;Windows 10&#039;, os.arch: &#039;amd64&#039;, os.version: &#039;10.0&#039;, java.version: &#039;1.8.0_261&#039;
Driver info: io.appium.java_client.android.AndroidDriver
Capabilities {64bit: false, AndroidMobileCapabilityType.AUTO_GRANT_PERMISSIONS: true, acceptSslCert: false, acceptSslCerts: false, appActivity: com.ooredoo.selfcare.Ooredoo, appPackage: com.ooredoo.selfcare, automationName: UiAutomator2, browserstack.appDownloadTimeout: 105, browserstack.is_hub_canary: false, browserstack.minOSVersion: 4.4, bundleID: com.ooredoo.selfcare, bundleId: com.ooredoo.selfcare, chromeOptions: {w3c: false}, detected_language: selenium/3.141.59 (java win..., device: google pixel 4, deviceName: Android, enablePerformanceLogging: false, javascriptEnabled: true, maxInstances: 3, mobile: {browser: mobile, version: Google Pixel 4-10.0}, nativeWebScreenshot: true, newCommandTimeout: 0, new_bucketing: true, orientation: PORTRAIT, orig_os: android, os_version: , platform: ANDROID, platformName: Android, realMobile: true, sessionName:  OM Sample Test, systemPort: 8201, udid: 9B061FFAZ008MH, uiautomator2ServerLaunchTimeout: 60000, version: }
Session ID: c72ce8bd5b619133e902718e2444de831939eb00">
      <![CDATA[org.openqa.selenium.WebDriverException: Session not started or terminated (WARNING: The server did not provide any stacktrace information)
Command duration or timeout: 0 milliseconds
Build info: version: '3.141.59', revision: 'e82be7d358', time: '2018-11-14T08:17:03'
System info: host: 'WLPT761', ip: '172.16.40.41', os.name: 'Windows 10', os.arch: 'amd64', os.version: '10.0', java.version: '1.8.0_261'
Driver info: io.appium.java_client.android.AndroidDriver
Capabilities {64bit: false, AndroidMobileCapabilityType.AUTO_GRANT_PERMISSIONS: true, acceptSslCert: false, acceptSslCerts: false, appActivity: com.ooredoo.selfcare.Ooredoo, appPackage: com.ooredoo.selfcare, automationName: UiAutomator2, browserstack.appDownloadTimeout: 105, browserstack.is_hub_canary: false, browserstack.minOSVersion: 4.4, bundleID: com.ooredoo.selfcare, bundleId: com.ooredoo.selfcare, chromeOptions: {w3c: false}, detected_language: selenium/3.141.59 (java win..., device: google pixel 4, deviceName: Android, enablePerformanceLogging: false, javascriptEnabled: true, maxInstances: 3, mobile: {browser: mobile, version: Google Pixel 4-10.0}, nativeWebScreenshot: true, newCommandTimeout: 0, new_bucketing: true, orientation: PORTRAIT, orig_os: android, os_version: , platform: ANDROID, platformName: Android, realMobile: true, sessionName:  OM Sample Test, systemPort: 8201, udid: 9B061FFAZ008MH, uiautomator2ServerLaunchTimeout: 60000, version: }
Session ID: c72ce8bd5b619133e902718e2444de831939eb00
at sun.reflect.NativeConstructorAccessorImpl.newInstance0(Native Method)
at sun.reflect.NativeConstructorAccessorImpl.newInstance(Unknown Source)
at sun.reflect.DelegatingConstructorAccessorImpl.newInstance(Unknown Source)
at java.lang.reflect.Constructor.newInstance(Unknown Source)
at org.openqa.selenium.remote.ErrorHandler.createThrowable(ErrorHandler.java:214)
at org.openqa.selenium.remote.ErrorHandler.throwIfResponseFailed(ErrorHandler.java:166)
at org.openqa.selenium.remote.http.JsonHttpResponseCodec.reconstructValue(JsonHttpResponseCodec.java:40)
at org.openqa.selenium.remote.http.AbstractHttpResponseCodec.decode(AbstractHttpResponseCodec.java:80)
at org.openqa.selenium.remote.http.AbstractHttpResponseCodec.decode(AbstractHttpResponseCodec.java:44)
at org.openqa.selenium.remote.HttpCommandExecutor.execute(HttpCommandExecutor.java:158)
at io.appium.java_client.remote.AppiumCommandExecutor.execute(AppiumCommandExecutor.java:239)
at org.openqa.selenium.remote.RemoteWebDriver.execute(RemoteWebDriver.java:552)
at io.appium.java_client.DefaultGenericMobileDriver.execute(DefaultGenericMobileDriver.java:46)
at io.appium.java_client.AppiumDriver.execute(AppiumDriver.java:1)
at io.appium.java_client.android.AndroidDriver.execute(AndroidDriver.java:1)
at org.openqa.selenium.remote.RemoteWebDriver$RemoteNavigation.back(RemoteWebDriver.java:849)
at AndroidAppiumAuto.CommonMethods.otprecive(CommonMethods.java:547)
at AndroidAppiumAuto.AppActivity.GetOtp(AppActivity.java:93)
at sun.reflect.NativeMethodAccessorImpl.invoke0(Native Method)
at sun.reflect.NativeMethodAccessorImpl.invoke(Unknown Source)
at sun.reflect.DelegatingMethodAccessorImpl.invoke(Unknown Source)
at java.lang.reflect.Method.invoke(Unknown Source)
at org.testng.internal.MethodInvocationHelper.invokeMethod(MethodInvocationHelper.java:124)
at org.testng.internal.Invoker.invokeMethod(Invoker.java:583)
at org.testng.internal.Invoker.invokeTestMethod(Invoker.java:719)
at org.testng.internal.Invoker.invokeTestMethods(Invoker.java:989)
at org.testng.internal.TestMethodWorker.invokeTestMethods(TestMethodWorker.java:125)
at org.testng.internal.TestMethodWorker.run(TestMethodWorker.java:109)
at org.testng.TestRunner.privateRun(TestRunner.java:648)
at org.testng.TestRunner.run(TestRunner.java:505)
at org.testng.SuiteRunner.runTest(SuiteRunner.java:455)
at org.testng.SuiteRunner.access$000(SuiteRunner.java:40)
at org.testng.SuiteRunner$SuiteWorker.run(SuiteRunner.java:489)
at org.testng.internal.thread.ThreadUtil$1.call(ThreadUtil.java:52)
at java.util.concurrent.FutureTask.run(Unknown Source)
at java.util.concurrent.ThreadPoolExecutor.runWorker(Unknown Source)
at java.util.concurrent.ThreadPoolExecutor$Worker.run(Unknown Source)
at java.lang.Thread.run(Unknown Source)
]]>
    </error>
  </testcase> <!-- GetOtp -->
  <testcase name="GetOtp" time="0.000" classname="AndroidAppiumAuto.AppActivity">
    <skipped/>
  </testcase> <!-- GetOtp -->
  <testcase name="GetOtp" time="18.435" classname="AndroidAppiumAuto.AppActivity">
    <error type="org.openqa.selenium.NoSuchSessionException" message="A session is either terminated or not started (WARNING: The server did not provide any stacktrace information)
Command duration or timeout: 0 milliseconds
Build info: version: &#039;3.141.59&#039;, revision: &#039;e82be7d358&#039;, time: &#039;2018-11-14T08:17:03&#039;
System info: host: &#039;WLPT761&#039;, ip: &#039;172.16.40.41&#039;, os.name: &#039;Windows 10&#039;, os.arch: &#039;amd64&#039;, os.version: &#039;10.0&#039;, java.version: &#039;1.8.0_261&#039;
Driver info: io.appium.java_client.android.AndroidDriver
Capabilities {64bit: false, AndroidMobileCapabilityType.AUTO_GRANT_PERMISSIONS: true, acceptSslCert: false, acceptSslCerts: false, appActivity: com.ooredoo.selfcare.Ooredoo, appPackage: com.ooredoo.selfcare, automationName: UiAutomator2, browserstack.appDownloadTimeout: 105, browserstack.is_hub_canary: false, browserstack.minOSVersion: 4.4, bundleID: com.ooredoo.selfcare, bundleId: com.ooredoo.selfcare, chromeOptions: {w3c: false}, detected_language: selenium/3.141.59 (java win..., device: oneplus 7, deviceName: Android, enablePerformanceLogging: false, javascriptEnabled: true, maxInstances: 3, mobile: {browser: mobile, version: OnePlus 7-9.0}, nativeWebScreenshot: true, newCommandTimeout: 0, new_bucketing: true, orientation: PORTRAIT, orig_os: android, os_version: , platform: ANDROID, platformName: Android, realMobile: true, sessionName:  OM Sample Test, systemPort: 8205, udid: d468c09b, uiautomator2ServerLaunchTimeout: 60000, version: }
Session ID: a1e44bc49677a7331ebcae4c9baf4dee5ef65bd7">
      <![CDATA[org.openqa.selenium.NoSuchSessionException: A session is either terminated or not started (WARNING: The server did not provide any stacktrace information)
Command duration or timeout: 0 milliseconds
Build info: version: '3.141.59', revision: 'e82be7d358', time: '2018-11-14T08:17:03'
System info: host: 'WLPT761', ip: '172.16.40.41', os.name: 'Windows 10', os.arch: 'amd64', os.version: '10.0', java.version: '1.8.0_261'
Driver info: io.appium.java_client.android.AndroidDriver
Capabilities {64bit: false, AndroidMobileCapabilityType.AUTO_GRANT_PERMISSIONS: true, acceptSslCert: false, acceptSslCerts: false, appActivity: com.ooredoo.selfcare.Ooredoo, appPackage: com.ooredoo.selfcare, automationName: UiAutomator2, browserstack.appDownloadTimeout: 105, browserstack.is_hub_canary: false, browserstack.minOSVersion: 4.4, bundleID: com.ooredoo.selfcare, bundleId: com.ooredoo.selfcare, chromeOptions: {w3c: false}, detected_language: selenium/3.141.59 (java win..., device: oneplus 7, deviceName: Android, enablePerformanceLogging: false, javascriptEnabled: true, maxInstances: 3, mobile: {browser: mobile, version: OnePlus 7-9.0}, nativeWebScreenshot: true, newCommandTimeout: 0, new_bucketing: true, orientation: PORTRAIT, orig_os: android, os_version: , platform: ANDROID, platformName: Android, realMobile: true, sessionName:  OM Sample Test, systemPort: 8205, udid: d468c09b, uiautomator2ServerLaunchTimeout: 60000, version: }
Session ID: a1e44bc49677a7331ebcae4c9baf4dee5ef65bd7
at sun.reflect.NativeConstructorAccessorImpl.newInstance0(Native Method)
at sun.reflect.NativeConstructorAccessorImpl.newInstance(Unknown Source)
at sun.reflect.DelegatingConstructorAccessorImpl.newInstance(Unknown Source)
at java.lang.reflect.Constructor.newInstance(Unknown Source)
at org.openqa.selenium.remote.ErrorHandler.createThrowable(ErrorHandler.java:214)
at org.openqa.selenium.remote.ErrorHandler.throwIfResponseFailed(ErrorHandler.java:166)
at org.openqa.selenium.remote.http.JsonHttpResponseCodec.reconstructValue(JsonHttpResponseCodec.java:40)
at org.openqa.selenium.remote.http.AbstractHttpResponseCodec.decode(AbstractHttpResponseCodec.java:80)
at org.openqa.selenium.remote.http.AbstractHttpResponseCodec.decode(AbstractHttpResponseCodec.java:44)
at org.openqa.selenium.remote.HttpCommandExecutor.execute(HttpCommandExecutor.java:158)
at io.appium.java_client.remote.AppiumCommandExecutor.execute(AppiumCommandExecutor.java:239)
at org.openqa.selenium.remote.RemoteWebDriver.execute(RemoteWebDriver.java:552)
at io.appium.java_client.DefaultGenericMobileDriver.execute(DefaultGenericMobileDriver.java:46)
at io.appium.java_client.AppiumDriver.execute(AppiumDriver.java:1)
at io.appium.java_client.android.AndroidDriver.execute(AndroidDriver.java:1)
at org.openqa.selenium.remote.RemoteWebDriver$RemoteNavigation.back(RemoteWebDriver.java:849)
at AndroidAppiumAuto.CommonMethods.otprecive(CommonMethods.java:547)
at AndroidAppiumAuto.AppActivity.GetOtp(AppActivity.java:93)
at sun.reflect.NativeMethodAccessorImpl.invoke0(Native Method)
at sun.reflect.NativeMethodAccessorImpl.invoke(Unknown Source)
at sun.reflect.DelegatingMethodAccessorImpl.invoke(Unknown Source)
at java.lang.reflect.Method.invoke(Unknown Source)
at org.testng.internal.MethodInvocationHelper.invokeMethod(MethodInvocationHelper.java:124)
at org.testng.internal.Invoker.invokeMethod(Invoker.java:583)
at org.testng.internal.Invoker.invokeTestMethod(Invoker.java:719)
at org.testng.internal.Invoker.invokeTestMethods(Invoker.java:989)
at org.testng.internal.TestMethodWorker.invokeTestMethods(TestMethodWorker.java:125)
at org.testng.internal.TestMethodWorker.run(TestMethodWorker.java:109)
at org.testng.TestRunner.privateRun(TestRunner.java:648)
at org.testng.TestRunner.run(TestRunner.java:505)
at org.testng.SuiteRunner.runTest(SuiteRunner.java:455)
at org.testng.SuiteRunner.access$000(SuiteRunner.java:40)
at org.testng.SuiteRunner$SuiteWorker.run(SuiteRunner.java:489)
at org.testng.internal.thread.ThreadUtil$1.call(ThreadUtil.java:52)
at java.util.concurrent.FutureTask.run(Unknown Source)
at java.util.concurrent.ThreadPoolExecutor.runWorker(Unknown Source)
at java.util.concurrent.ThreadPoolExecutor$Worker.run(Unknown Source)
at java.lang.Thread.run(Unknown Source)
]]>
    </error>
  </testcase> <!-- GetOtp -->
  <testcase name="contextpopup" time="0.000" classname="AndroidAppiumAuto.AppActivity">
    <skipped/>
  </testcase> <!-- contextpopup -->
  <testcase name="contextpopup" time="0.000" classname="AndroidAppiumAuto.AppActivity">
    <skipped/>
  </testcase> <!-- contextpopup -->
  <testcase name="contextpopup" time="0.000" classname="AndroidAppiumAuto.AppActivity">
    <skipped/>
  </testcase> <!-- contextpopup -->
  <testcase name="contextpopup" time="0.000" classname="AndroidAppiumAuto.AppActivity">
    <skipped/>
  </testcase> <!-- contextpopup -->
  <testcase name="contextpopup" time="0.000" classname="AndroidAppiumAuto.AppActivity">
    <skipped/>
  </testcase> <!-- contextpopup -->
  <testcase name="VIP_Validation" classname="AndroidAppiumAuto.AppActivity">
    <skipped/>
  </testcase> <!-- VIP_Validation -->
  <testcase name="VIP_Validation" classname="AndroidAppiumAuto.AppActivity">
    <skipped/>
  </testcase> <!-- VIP_Validation -->
  <testcase name="VIP_Validation" classname="AndroidAppiumAuto.AppActivity">
    <skipped/>
  </testcase> <!-- VIP_Validation -->
  <testcase name="VIP_Validation" classname="AndroidAppiumAuto.AppActivity">
    <skipped/>
  </testcase> <!-- VIP_Validation -->
  <testcase name="VIP_Validation" classname="AndroidAppiumAuto.AppActivity">
    <skipped/>
  </testcase> <!-- VIP_Validation -->
  <testcase name="CloseTour" classname="AndroidAppiumAuto.AppActivity">
    <skipped/>
  </testcase> <!-- CloseTour -->
  <testcase name="CloseTour" classname="AndroidAppiumAuto.AppActivity">
    <skipped/>
  </testcase> <!-- CloseTour -->
  <testcase name="CloseTour" classname="AndroidAppiumAuto.AppActivity">
    <skipped/>
  </testcase> <!-- CloseTour -->
  <testcase name="CloseTour" classname="AndroidAppiumAuto.AppActivity">
    <skipped/>
  </testcase> <!-- CloseTour -->
  <testcase name="CloseTour" classname="AndroidAppiumAuto.AppActivity">
    <skipped/>
  </testcase> <!-- CloseTour -->
  <testcase name="TopUpVoucher" classname="AndroidAppiumAuto.AppActivity">
    <skipped/>
  </testcase> <!-- TopUpVoucher -->
  <testcase name="TopUpVoucher" classname="AndroidAppiumAuto.AppActivity">
    <skipped/>
  </testcase> <!-- TopUpVoucher -->
  <testcase name="TopUpVoucher" classname="AndroidAppiumAuto.AppActivity">
    <skipped/>
  </testcase> <!-- TopUpVoucher -->
  <testcase name="TopUpVoucher" classname="AndroidAppiumAuto.AppActivity">
    <skipped/>
  </testcase> <!-- TopUpVoucher -->
  <testcase name="TopUpVoucher" classname="AndroidAppiumAuto.AppActivity">
    <skipped/>
  </testcase> <!-- TopUpVoucher -->
  <testcase name="BannerDet" classname="AndroidAppiumAuto.AppActivity">
    <skipped/>
  </testcase> <!-- BannerDet -->
  <testcase name="BannerDet" classname="AndroidAppiumAuto.AppActivity">
    <skipped/>
  </testcase> <!-- BannerDet -->
  <testcase name="BannerDet" classname="AndroidAppiumAuto.AppActivity">
    <skipped/>
  </testcase> <!-- BannerDet -->
  <testcase name="BannerDet" classname="AndroidAppiumAuto.AppActivity">
    <skipped/>
  </testcase> <!-- BannerDet -->
  <testcase name="BannerDet" classname="AndroidAppiumAuto.AppActivity">
    <skipped/>
  </testcase> <!-- BannerDet -->
  <testcase name="accountview" classname="AndroidAppiumAuto.AppActivity">
    <skipped/>
  </testcase> <!-- accountview -->
  <testcase name="accountview" classname="AndroidAppiumAuto.AppActivity">
    <skipped/>
  </testcase> <!-- accountview -->
  <testcase name="accountview" classname="AndroidAppiumAuto.AppActivity">
    <skipped/>
  </testcase> <!-- accountview -->
  <testcase name="accountview" classname="AndroidAppiumAuto.AppActivity">
    <skipped/>
  </testcase> <!-- accountview -->
  <testcase name="accountview" classname="AndroidAppiumAuto.AppActivity">
    <skipped/>
  </testcase> <!-- accountview -->
  <testcase name="Report_An_Issue" classname="AndroidAppiumAuto.AppActivity">
    <skipped/>
  </testcase> <!-- Report_An_Issue -->
  <testcase name="Report_An_Issue" classname="AndroidAppiumAuto.AppActivity">
    <skipped/>
  </testcase> <!-- Report_An_Issue -->
  <testcase name="Report_An_Issue" classname="AndroidAppiumAuto.AppActivity">
    <skipped/>
  </testcase> <!-- Report_An_Issue -->
  <testcase name="Report_An_Issue" classname="AndroidAppiumAuto.AppActivity">
    <skipped/>
  </testcase> <!-- Report_An_Issue -->
  <testcase name="Report_An_Issue" classname="AndroidAppiumAuto.AppActivity">
    <skipped/>
  </testcase> <!-- Report_An_Issue -->
  <testcase name="SpecialVoiceData" classname="AndroidAppiumAuto.AppActivity">
    <skipped/>
  </testcase> <!-- SpecialVoiceData -->
  <testcase name="SpecialVoiceData" classname="AndroidAppiumAuto.AppActivity">
    <skipped/>
  </testcase> <!-- SpecialVoiceData -->
  <testcase name="SpecialVoiceData" classname="AndroidAppiumAuto.AppActivity">
    <skipped/>
  </testcase> <!-- SpecialVoiceData -->
  <testcase name="SpecialVoiceData" classname="AndroidAppiumAuto.AppActivity">
    <skipped/>
  </testcase> <!-- SpecialVoiceData -->
  <testcase name="SpecialVoiceData" classname="AndroidAppiumAuto.AppActivity">
    <skipped/>
  </testcase> <!-- SpecialVoiceData -->
  <testcase name="More_Settings" classname="AndroidAppiumAuto.AppActivity">
    <skipped/>
  </testcase> <!-- More_Settings -->
  <testcase name="More_Settings" classname="AndroidAppiumAuto.AppActivity">
    <skipped/>
  </testcase> <!-- More_Settings -->
  <testcase name="More_Settings" classname="AndroidAppiumAuto.AppActivity">
    <skipped/>
  </testcase> <!-- More_Settings -->
  <testcase name="More_Settings" classname="AndroidAppiumAuto.AppActivity">
    <skipped/>
  </testcase> <!-- More_Settings -->
  <testcase name="More_Settings" classname="AndroidAppiumAuto.AppActivity">
    <skipped/>
  </testcase> <!-- More_Settings -->
  <testcase name="ServiceBanner" classname="AndroidAppiumAuto.AppActivity">
    <skipped/>
  </testcase> <!-- ServiceBanner -->
  <testcase name="ServiceBanner" classname="AndroidAppiumAuto.AppActivity">
    <skipped/>
  </testcase> <!-- ServiceBanner -->
  <testcase name="ServiceBanner" classname="AndroidAppiumAuto.AppActivity">
    <skipped/>
  </testcase> <!-- ServiceBanner -->
  <testcase name="ServiceBanner" classname="AndroidAppiumAuto.AppActivity">
    <skipped/>
  </testcase> <!-- ServiceBanner -->
  <testcase name="ServiceBanner" classname="AndroidAppiumAuto.AppActivity">
    <skipped/>
  </testcase> <!-- ServiceBanner -->
  <testcase name="VIPMyDiscounts" classname="AndroidAppiumAuto.AppActivity">
    <skipped/>
  </testcase> <!-- VIPMyDiscounts -->
  <testcase name="VIPMyDiscounts" classname="AndroidAppiumAuto.AppActivity">
    <skipped/>
  </testcase> <!-- VIPMyDiscounts -->
  <testcase name="VIPMyDiscounts" classname="AndroidAppiumAuto.AppActivity">
    <skipped/>
  </testcase> <!-- VIPMyDiscounts -->
  <testcase name="VIPMyDiscounts" classname="AndroidAppiumAuto.AppActivity">
    <skipped/>
  </testcase> <!-- VIPMyDiscounts -->
  <testcase name="VIPMyDiscounts" classname="AndroidAppiumAuto.AppActivity">
    <skipped/>
  </testcase> <!-- VIPMyDiscounts -->
  <testcase name="VIPRedeemPoints" classname="AndroidAppiumAuto.AppActivity">
    <skipped/>
  </testcase> <!-- VIPRedeemPoints -->
  <testcase name="VIPRedeemPoints" classname="AndroidAppiumAuto.AppActivity">
    <skipped/>
  </testcase> <!-- VIPRedeemPoints -->
  <testcase name="VIPRedeemPoints" classname="AndroidAppiumAuto.AppActivity">
    <skipped/>
  </testcase> <!-- VIPRedeemPoints -->
  <testcase name="VIPRedeemPoints" classname="AndroidAppiumAuto.AppActivity">
    <skipped/>
  </testcase> <!-- VIPRedeemPoints -->
  <testcase name="VIPRedeemPoints" classname="AndroidAppiumAuto.AppActivity">
    <skipped/>
  </testcase> <!-- VIPRedeemPoints -->
  <testcase name="OnlyForYou" classname="AndroidAppiumAuto.AppActivity">
    <skipped/>
  </testcase> <!-- OnlyForYou -->
  <testcase name="OnlyForYou" classname="AndroidAppiumAuto.AppActivity">
    <skipped/>
  </testcase> <!-- OnlyForYou -->
  <testcase name="OnlyForYou" classname="AndroidAppiumAuto.AppActivity">
    <skipped/>
  </testcase> <!-- OnlyForYou -->
  <testcase name="OnlyForYou" classname="AndroidAppiumAuto.AppActivity">
    <skipped/>
  </testcase> <!-- OnlyForYou -->
  <testcase name="OnlyForYou" classname="AndroidAppiumAuto.AppActivity">
    <skipped/>
  </testcase> <!-- OnlyForYou -->
  <testcase name="BuyPackBuy" classname="AndroidAppiumAuto.AppActivity">
    <skipped/>
  </testcase> <!-- BuyPackBuy -->
  <testcase name="VIPHomePage" classname="AndroidAppiumAuto.AppActivity">
    <skipped/>
  </testcase> <!-- VIPHomePage -->
  <testcase name="BuyPackBuy" classname="AndroidAppiumAuto.AppActivity">
    <skipped/>
  </testcase> <!-- BuyPackBuy -->
  <testcase name="VIPHomePage" classname="AndroidAppiumAuto.AppActivity">
    <skipped/>
  </testcase> <!-- VIPHomePage -->
  <testcase name="BuyPackBuy" classname="AndroidAppiumAuto.AppActivity">
    <skipped/>
  </testcase> <!-- BuyPackBuy -->
  <testcase name="VIPHomePage" classname="AndroidAppiumAuto.AppActivity">
    <skipped/>
  </testcase> <!-- VIPHomePage -->
  <testcase name="VIPHomePage" classname="AndroidAppiumAuto.AppActivity">
    <skipped/>
  </testcase> <!-- VIPHomePage -->
  <testcase name="BuyPackBuy" classname="AndroidAppiumAuto.AppActivity">
    <skipped/>
  </testcase> <!-- BuyPackBuy -->
  <testcase name="VIPHomePage" classname="AndroidAppiumAuto.AppActivity">
    <skipped/>
  </testcase> <!-- VIPHomePage -->
  <testcase name="BuyPackBuy" classname="AndroidAppiumAuto.AppActivity">
    <skipped/>
  </testcase> <!-- BuyPackBuy -->
  <testcase name="GiftPackGift" classname="AndroidAppiumAuto.AppActivity">
    <skipped/>
  </testcase> <!-- GiftPackGift -->
  <testcase name="GiftPackGift" classname="AndroidAppiumAuto.AppActivity">
    <skipped/>
  </testcase> <!-- GiftPackGift -->
  <testcase name="GiftPackGift" classname="AndroidAppiumAuto.AppActivity">
    <skipped/>
  </testcase> <!-- GiftPackGift -->
  <testcase name="GiftPackGift" classname="AndroidAppiumAuto.AppActivity">
    <skipped/>
  </testcase> <!-- GiftPackGift -->
  <testcase name="GiftPackGift" classname="AndroidAppiumAuto.AppActivity">
    <skipped/>
  </testcase> <!-- GiftPackGift -->
  <testcase name="PyawPyawYu" classname="AndroidAppiumAuto.AppActivity">
    <skipped/>
  </testcase> <!-- PyawPyawYu -->
  <testcase name="PyawPyawYu" classname="AndroidAppiumAuto.AppActivity">
    <skipped/>
  </testcase> <!-- PyawPyawYu -->
  <testcase name="PyawPyawYu" classname="AndroidAppiumAuto.AppActivity">
    <skipped/>
  </testcase> <!-- PyawPyawYu -->
  <testcase name="PyawPyawYu" classname="AndroidAppiumAuto.AppActivity">
    <skipped/>
  </testcase> <!-- PyawPyawYu -->
  <testcase name="PyawPyawYu" classname="AndroidAppiumAuto.AppActivity">
    <skipped/>
  </testcase> <!-- PyawPyawYu -->
  <testcase name="LiveTVDetails" classname="AndroidAppiumAuto.AppActivity">
    <skipped/>
  </testcase> <!-- LiveTVDetails -->
  <testcase name="LiveTVDetails" classname="AndroidAppiumAuto.AppActivity">
    <skipped/>
  </testcase> <!-- LiveTVDetails -->
  <testcase name="LiveTVDetails" classname="AndroidAppiumAuto.AppActivity">
    <skipped/>
  </testcase> <!-- LiveTVDetails -->
  <testcase name="LiveTVDetails" classname="AndroidAppiumAuto.AppActivity">
    <skipped/>
  </testcase> <!-- LiveTVDetails -->
  <testcase name="LiveTVDetails" classname="AndroidAppiumAuto.AppActivity">
    <skipped/>
  </testcase> <!-- LiveTVDetails -->
  <testcase name="Ooredoo_Play" classname="AndroidAppiumAuto.AppActivity">
    <skipped/>
  </testcase> <!-- Ooredoo_Play -->
  <testcase name="Ooredoo_Play" classname="AndroidAppiumAuto.AppActivity">
    <skipped/>
  </testcase> <!-- Ooredoo_Play -->
  <testcase name="Ooredoo_Play" classname="AndroidAppiumAuto.AppActivity">
    <skipped/>
  </testcase> <!-- Ooredoo_Play -->
  <testcase name="Ooredoo_Play" classname="AndroidAppiumAuto.AppActivity">
    <skipped/>
  </testcase> <!-- Ooredoo_Play -->
  <testcase name="Ooredoo_Play" classname="AndroidAppiumAuto.AppActivity">
    <skipped/>
  </testcase> <!-- Ooredoo_Play -->
  <testcase name="chat" classname="AndroidAppiumAuto.AppActivity">
    <skipped/>
  </testcase> <!-- chat -->
  <testcase name="chat" classname="AndroidAppiumAuto.AppActivity">
    <skipped/>
  </testcase> <!-- chat -->
  <testcase name="chat" classname="AndroidAppiumAuto.AppActivity">
    <skipped/>
  </testcase> <!-- chat -->
  <testcase name="chat" classname="AndroidAppiumAuto.AppActivity">
    <skipped/>
  </testcase> <!-- chat -->
  <testcase name="chat" classname="AndroidAppiumAuto.AppActivity">
    <skipped/>
  </testcase> <!-- chat -->
  <testcase name="QueryBalanceApi" classname="AndroidAppiumAuto.AppActivity">
    <skipped/>
  </testcase> <!-- QueryBalanceApi -->
  <testcase name="QueryBalanceApi" classname="AndroidAppiumAuto.AppActivity">
    <skipped/>
  </testcase> <!-- QueryBalanceApi -->
  <testcase name="QueryBalanceApi" classname="AndroidAppiumAuto.AppActivity">
    <skipped/>
  </testcase> <!-- QueryBalanceApi -->
  <testcase name="QueryBalanceApi" classname="AndroidAppiumAuto.AppActivity">
    <skipped/>
  </testcase> <!-- QueryBalanceApi -->
  <testcase name="QueryBalanceApi" classname="AndroidAppiumAuto.AppActivity">
    <skipped/>
  </testcase> <!-- QueryBalanceApi -->
  <testcase name="ByopQueryBalance" classname="AndroidAppiumAuto.AppActivity">
    <skipped/>
  </testcase> <!-- ByopQueryBalance -->
  <testcase name="ByopQueryBalance" classname="AndroidAppiumAuto.AppActivity">
    <skipped/>
  </testcase> <!-- ByopQueryBalance -->
  <testcase name="ByopQueryBalance" classname="AndroidAppiumAuto.AppActivity">
    <skipped/>
  </testcase> <!-- ByopQueryBalance -->
  <testcase name="ByopQueryBalance" classname="AndroidAppiumAuto.AppActivity">
    <skipped/>
  </testcase> <!-- ByopQueryBalance -->
  <testcase name="ByopQueryBalance" classname="AndroidAppiumAuto.AppActivity">
    <skipped/>
  </testcase> <!-- ByopQueryBalance -->
  <testcase name="VIPMyPoints" classname="AndroidAppiumAuto.AppActivity">
    <skipped/>
  </testcase> <!-- VIPMyPoints -->
  <testcase name="TopUpMPitesan" classname="AndroidAppiumAuto.AppActivity">
    <skipped/>
  </testcase> <!-- TopUpMPitesan -->
  <testcase name="TopUpMPitesan" classname="AndroidAppiumAuto.AppActivity">
    <skipped/>
  </testcase> <!-- TopUpMPitesan -->
  <testcase name="VIPMyPoints" classname="AndroidAppiumAuto.AppActivity">
    <skipped/>
  </testcase> <!-- VIPMyPoints -->
  <testcase name="TopUpMPitesan" classname="AndroidAppiumAuto.AppActivity">
    <skipped/>
  </testcase> <!-- TopUpMPitesan -->
  <testcase name="VIPMyPoints" classname="AndroidAppiumAuto.AppActivity">
    <skipped/>
  </testcase> <!-- VIPMyPoints -->
  <testcase name="VIPMyPoints" classname="AndroidAppiumAuto.AppActivity">
    <skipped/>
  </testcase> <!-- VIPMyPoints -->
  <testcase name="TopUpMPitesan" classname="AndroidAppiumAuto.AppActivity">
    <skipped/>
  </testcase> <!-- TopUpMPitesan -->
  <testcase name="VIPMyPoints" classname="AndroidAppiumAuto.AppActivity">
    <skipped/>
  </testcase> <!-- VIPMyPoints -->
  <testcase name="TopUpMPitesan" classname="AndroidAppiumAuto.AppActivity">
    <skipped/>
  </testcase> <!-- TopUpMPitesan -->
  <testcase name="UpdateLocation" classname="AndroidAppiumAuto.AppActivity">
    <skipped/>
  </testcase> <!-- UpdateLocation -->
  <testcase name="UpdateLocation" classname="AndroidAppiumAuto.AppActivity">
    <skipped/>
  </testcase> <!-- UpdateLocation -->
  <testcase name="UpdateLocation" classname="AndroidAppiumAuto.AppActivity">
    <skipped/>
  </testcase> <!-- UpdateLocation -->
  <testcase name="UpdateLocation" classname="AndroidAppiumAuto.AppActivity">
    <skipped/>
  </testcase> <!-- UpdateLocation -->
  <testcase name="UpdateLocation" classname="AndroidAppiumAuto.AppActivity">
    <skipped/>
  </testcase> <!-- UpdateLocation -->
  <testcase name="KyoThone" classname="AndroidAppiumAuto.AppActivity">
    <skipped/>
  </testcase> <!-- KyoThone -->
  <testcase name="KyoThone" classname="AndroidAppiumAuto.AppActivity">
    <skipped/>
  </testcase> <!-- KyoThone -->
  <testcase name="KyoThone" classname="AndroidAppiumAuto.AppActivity">
    <skipped/>
  </testcase> <!-- KyoThone -->
  <testcase name="KyoThone" classname="AndroidAppiumAuto.AppActivity">
    <skipped/>
  </testcase> <!-- KyoThone -->
  <testcase name="KyoThone" classname="AndroidAppiumAuto.AppActivity">
    <skipped/>
  </testcase> <!-- KyoThone -->
  <testcase name="VipSpinWheel" classname="AndroidAppiumAuto.AppActivity">
    <skipped/>
  </testcase> <!-- VipSpinWheel -->
  <testcase name="VipSpinWheel" classname="AndroidAppiumAuto.AppActivity">
    <skipped/>
  </testcase> <!-- VipSpinWheel -->
  <testcase name="VipSpinWheel" classname="AndroidAppiumAuto.AppActivity">
    <skipped/>
  </testcase> <!-- VipSpinWheel -->
  <testcase name="VipSpinWheel" classname="AndroidAppiumAuto.AppActivity">
    <skipped/>
  </testcase> <!-- VipSpinWheel -->
  <testcase name="VipSpinWheel" classname="AndroidAppiumAuto.AppActivity">
    <skipped/>
  </testcase> <!-- VipSpinWheel -->
  <testcase name="contentPop" classname="AndroidAppiumAuto.AppActivity">
    <skipped/>
  </testcase> <!-- contentPop -->
  <testcase name="contentPop" classname="AndroidAppiumAuto.AppActivity">
    <skipped/>
  </testcase> <!-- contentPop -->
  <testcase name="contentPop" classname="AndroidAppiumAuto.AppActivity">
    <skipped/>
  </testcase> <!-- contentPop -->
  <testcase name="contentPop" classname="AndroidAppiumAuto.AppActivity">
    <skipped/>
  </testcase> <!-- contentPop -->
  <testcase name="contentPop" classname="AndroidAppiumAuto.AppActivity">
    <skipped/>
  </testcase> <!-- contentPop -->
  <testcase name="VIPEarnMorePoints" classname="AndroidAppiumAuto.AppActivity">
    <skipped/>
  </testcase> <!-- VIPEarnMorePoints -->
  <testcase name="VIPEarnMorePoints" classname="AndroidAppiumAuto.AppActivity">
    <skipped/>
  </testcase> <!-- VIPEarnMorePoints -->
  <testcase name="VIPEarnMorePoints" classname="AndroidAppiumAuto.AppActivity">
    <skipped/>
  </testcase> <!-- VIPEarnMorePoints -->
  <testcase name="VIPEarnMorePoints" classname="AndroidAppiumAuto.AppActivity">
    <skipped/>
  </testcase> <!-- VIPEarnMorePoints -->
  <testcase name="VIPEarnMorePoints" classname="AndroidAppiumAuto.AppActivity">
    <skipped/>
  </testcase> <!-- VIPEarnMorePoints -->
  <testcase name="CssProperties" classname="AndroidAppiumAuto.AppActivity">
    <skipped/>
  </testcase> <!-- CssProperties -->
  <testcase name="CssProperties" classname="AndroidAppiumAuto.AppActivity">
    <skipped/>
  </testcase> <!-- CssProperties -->
  <testcase name="CssProperties" classname="AndroidAppiumAuto.AppActivity">
    <skipped/>
  </testcase> <!-- CssProperties -->
  <testcase name="CssProperties" classname="AndroidAppiumAuto.AppActivity">
    <skipped/>
  </testcase> <!-- CssProperties -->
  <testcase name="CssProperties" classname="AndroidAppiumAuto.AppActivity">
    <skipped/>
  </testcase> <!-- CssProperties -->
  <testcase name="DDDPacks" classname="AndroidAppiumAuto.AppActivity">
    <skipped/>
  </testcase> <!-- DDDPacks -->
  <testcase name="DDDPacks" classname="AndroidAppiumAuto.AppActivity">
    <skipped/>
  </testcase> <!-- DDDPacks -->
  <testcase name="DDDPacks" classname="AndroidAppiumAuto.AppActivity">
    <skipped/>
  </testcase> <!-- DDDPacks -->
  <testcase name="DDDPacks" classname="AndroidAppiumAuto.AppActivity">
    <skipped/>
  </testcase> <!-- DDDPacks -->
  <testcase name="DDDPacks" classname="AndroidAppiumAuto.AppActivity">
    <skipped/>
  </testcase> <!-- DDDPacks -->
  <testcase name="VIPHomePageShortCutIcons" classname="AndroidAppiumAuto.AppActivity">
    <skipped/>
  </testcase> <!-- VIPHomePageShortCutIcons -->
  <testcase name="VIPHomePageShortCutIcons" classname="AndroidAppiumAuto.AppActivity">
    <skipped/>
  </testcase> <!-- VIPHomePageShortCutIcons -->
  <testcase name="VIPHomePageShortCutIcons" classname="AndroidAppiumAuto.AppActivity">
    <skipped/>
  </testcase> <!-- VIPHomePageShortCutIcons -->
  <testcase name="VIPHomePageShortCutIcons" classname="AndroidAppiumAuto.AppActivity">
    <skipped/>
  </testcase> <!-- VIPHomePageShortCutIcons -->
  <testcase name="VIPHomePageShortCutIcons" classname="AndroidAppiumAuto.AppActivity">
    <skipped/>
  </testcase> <!-- VIPHomePageShortCutIcons -->
</testsuite> <!-- AndroidAppiumAuto.AppActivity -->
