<?xml version="1.0" encoding="UTF-8"?>
<!-- Generated by org.testng.reporters.JUnitReportReporter -->
<testsuite skipped="0" hostname="wlpt761" name="AndroidAppiumAuto.HomePageAPI" tests="1" failures="0" timestamp="07 Oct 2019 13:21:45 GMT" time="32.387" errors="0">
  <testcase name="headersapi" time="32.387" classname="AndroidAppiumAuto.HomePageAPI"/>
</testsuite> <!-- AndroidAppiumAuto.HomePageAPI -->
